\BOOKMARK [1][-]{section.1}{\376\377\000H\000i\000g\000h\000-\000d\000i\000m\000e\000n\000t\000i\000o\000n\000a\000l\000\040\000-\000P\000C\000A\000\040\000m\000e\000t\000h\000o\000d}{}% 1
\BOOKMARK [2][-]{subsection.1.1}{\376\377\000O\000v\000e\000r\000a\000l\000l\000\040\000S\000u\000m\000m\000a\000r\000y}{section.1}% 2
\BOOKMARK [2][-]{subsection.1.2}{\376\377\000M\000a\000i\000n\000\040\000m\000o\000d\000e\000l}{section.1}% 3
\BOOKMARK [2][-]{subsection.1.3}{\376\377\000M\000a\000i\000n\000\040\000S\000t\000a\000t\000i\000s\000t\000i\000c\000s}{section.1}% 4
\BOOKMARK [2][-]{subsection.1.4}{\376\377\000T\000r\000a\000n\000s\000f\000o\000r\000m\000a\000t\000i\000o\000n}{section.1}% 5
\BOOKMARK [2][-]{subsection.1.5}{\376\377\000I\000n\000t\000e\000r\000p\000r\000e\000t\000a\000t\000i\000o\000n}{section.1}% 6
\BOOKMARK [2][-]{subsection.1.6}{\376\377\000R\000e\000l\000a\000t\000i\000v\000e\000\040\000e\000s\000t\000i\000m\000a\000t\000o\000r\000s}{section.1}% 7
\BOOKMARK [2][-]{subsection.1.7}{\376\377\000T\000h\000e\000o\000r\000e\000t\000i\000c\000a\000l\000\040\000P\000r\000o\000p\000e\000r\000t\000i\000e\000s}{section.1}% 8
\BOOKMARK [3][-]{subsubsection.1.7.1}{\376\377\000A\000s\000s\000u\000m\000p\000t\000i\000o\000n\000s}{subsection.1.7}% 9
\BOOKMARK [2][-]{subsection.1.8}{\376\377\000S\000i\000m\000u\000l\000a\000t\000i\000o\000n}{section.1}% 10
\BOOKMARK [2][-]{subsection.1.9}{\376\377\000A\000p\000p\000l\000i\000c\000a\000t\000i\000o\000n}{section.1}% 11
\BOOKMARK [1][-]{section.2}{\376\377\000H\000i\000g\000h\000-\000D\000i\000m\000e\000n\000s\000i\000o\000n\000a\000l\000\040\000G\000L\000M\000\040\000w\000i\000t\000h\000\040\000B\000i\000n\000a\000r\000y\000\040\000O\000u\000t\000c\000o\000m\000e\000s}{}% 12
\BOOKMARK [2][-]{subsection.2.1}{\376\377\000O\000v\000e\000r\000a\000l\000l\000\040\000S\000u\000m\000m\000a\000r\000y}{section.2}% 13
\BOOKMARK [1][-]{section.3}{\376\377\000U\000l\000t\000r\000a\000-\000H\000i\000g\000h\000\040\000D\000i\000m\000e\000n\000s\000i\000o\000n\000a\000l\000\040\000G\000F\000M}{}% 14
\BOOKMARK [2][-]{subsection.3.1}{\376\377\000O\000v\000e\000r\000a\000l\000l\000\040\000S\000u\000m\000m\000a\000r\000y}{section.3}% 15
\BOOKMARK [1][-]{section.4}{\376\377\000M\000a\000t\000r\000i\000x\000-\000v\000a\000r\000i\000a\000t\000e\000\040\000L\000o\000g\000i\000s\000t\000i\000c\000\040\000R\000e\000g\000r\000e\000s\000s\000i\000o\000n\000\040\000w\000i\000t\000h\000\040\000M\000e\000a\000s\000u\000r\000e\000m\000e\000n\000t\000\040\000E\000r\000r\000o\000r}{}% 16
\BOOKMARK [1][-]{section.5}{\376\377\000A\000\040\000L\000i\000k\000e\000l\000i\000h\000o\000o\000d\000-\000B\000a\000s\000e\000d\000\040\000A\000p\000p\000r\000o\000a\000c\000h\000\040\000f\000o\000r\000\040\000M\000u\000l\000t\000i\000v\000a\000r\000i\000a\000t\000e\000\040\000C\000a\000t\000e\000g\000o\000r\000i\000c\000a\000l\000\040\000R\000e\000s\000p\000o\000n\000s\000e\000\040\000R\000e\000g\000r\000e\000s\000s\000i\000o\000n\000\040\000i\000n\000\040\000H\000i\000g\000h\000\040\000D\000i\000m\000e\000n\000s\000i\000o\000n\000s}{}% 17
\BOOKMARK [1][-]{section.6}{\376\377\000A\000\040\000l\000i\000k\000e\000l\000i\000h\000o\000o\000d\000-\000B\000a\000s\000e\000d\000\040\000A\000p\000p\000r\000o\000a\000c\000h\000\040\000f\000o\000r\000\040\000S\000e\000m\000i\000p\000a\000r\000a\000m\000e\000t\000r\000i\000c\000\040\000R\000e\000g\000r\000e\000s\000s\000i\000o\000n\000\040\000w\000i\000t\000h\000\040\000P\000a\000n\000e\000l\000\040\000C\000o\000u\000n\000t\000\040\000D\000a\000t\000a}{}% 18
\BOOKMARK [1][-]{section.7}{\376\377\000T\000i\000m\000e\000\040\000S\000e\000r\000i\000e\000s\000\040\000L\000a\000t\000e\000n\000t\000\040\000G\000a\000u\000s\000s\000i\000a\000n\000\040\000C\000o\000u\000n\000t}{}% 19
\BOOKMARK [1][-]{section.8}{\376\377\000T\000i\000m\000e\000\040\000S\000e\000r\000i\000e\000s\000\040\000F\000a\000c\000t\000o\000r\000\040\000M\000o\000d\000e\000l\000s\000\050\000t\000e\000n\000s\000o\000r\000\051}{}% 20
